<?xml version="1.0" encoding="UTF-8"?>
<testsuites name="android Test suite" time="36.224" tests="1" failures="0" errors="0">
   <testsuite name="android Test suite" tests="1" failures="0" errors="0" time="36.224" skipped="0" timestamp="2022-12-18 23:35:45" hostname="Bug - host.docker.internal" id="Test Suites/android Test suite">
      <properties>
         <property name="deviceName" value="HMD Global Nokia 8 (Android 12)"/>
         <property name="devicePlatform" value=""/>
         <property name="logFolder" value="C:\\Users\\Bug\\git\\Mobile-api-test\\Reports\\20221218_233543\\android Test suite\\20221218_233543"/>
         <property name="logFiles" value="C:\\Users\\Bug\\git\\Mobile-api-test\\Reports\\20221218_233543\\android Test suite\\20221218_233543\\appium.log, C:\\Users\\Bug\\git\\Mobile-api-test\\Reports\\20221218_233543\\android Test suite\\20221218_233543\\execution0.log"/>
         <property name="attachments" value=""/>
         <property name="hostName" value="Bug - host.docker.internal"/>
         <property name="os" value="Windows 10 64bit"/>
         <property name="appiumServerStatus" value="{&quot;value&quot;:{&quot;build&quot;:{&quot;version&quot;:&quot;1.22.3&quot;}},&quot;sessionId&quot;:null,&quot;status&quot;:0}"/>
         <property name="katalonVersion" value="8.4.1.208"/>
         <property name="deviceOS" value="Android"/>
         <property name="appiumVersion" value="1.22.3"/>
         <property name="deviceModel" value="Nokia 8"/>
         <property name="hostAddress" value="192.168.0.109"/>
         <property name="deviceManufacturer" value="HMD Global"/>
         <property name="deviceId" value="NB1GAD17A2506412"/>
         <property name="deviceName" value="HMD Global Nokia 8 (Android 12)"/>
         <property name="deviceOSVersion" value="12"/>
      </properties>
      <testcase name="Test Cases/Android Test/Test" time="36.073" classname="Test Cases/Android Test/Test" status="PASSED">
         <system-out><![CDATA[2022-12-18 23:35:46 - [TEST_CASE][PASSED] - Test Cases/Android Test/Test: Test Cases/Android Test/Test

2022-12-18 23:35:46 - [TEST_STEP][PASSED] - runFeatureFile("Include/features/Product.feature"): Feature file: 'Include/features/Product.feature' was passed

2022-12-18 23:35:46 - [MESSAGE][INFO] - Starting run keyword runFeatureFile: 'Include/features/Product.feature' and extract report to folder: 'C:\Users\Bug\git\Mobile-api-test\Reports\20221218_233543\android Test suite\20221218_233543/cucumber_report/1671381346278'...

2022-12-18 23:35:46 - [TEST_CASE][PASSED] - Start Test Case : SCENARIO Add item bag: SCENARIO Add item bag

2022-12-18 23:35:46 - [TEST_STEP][PASSED] - Alisa open application demo app: Alisa open application demo app

2022-12-18 23:35:47 - [MESSAGE][INFO] - Detected NodeJS location: "C:\Program Files\nodejs\node.exe"

2022-12-18 23:35:48 - [MESSAGE][INFO] - Appium server started on port 52,385

2022-12-18 23:36:03 - [MESSAGE][INFO] - Failed to get OS statusbar's information using default method.

2022-12-18 23:36:03 - [MESSAGE][PASSED] - Started app at: 'C:\Users\Bug\git\Mobile-api-test\APK\mda-1.0.13-15.apk'

2022-12-18 23:36:03 - [MESSAGE][PASSED] - Alisa open application demo app

2022-12-18 23:36:03 - [TEST_STEP][PASSED] - she select Sauce Lab Back Packs in product list: she select Sauce Lab Back Packs in product list

2022-12-18 23:36:10 - [MESSAGE][PASSED] - she select Sauce Lab Back Packs in product list

2022-12-18 23:36:10 - [TEST_STEP][PASSED] - she select blue item: she select blue item

2022-12-18 23:36:16 - [MESSAGE][PASSED] - she select blue item

2022-12-18 23:36:16 - [TEST_STEP][PASSED] - she want add increase amount of the item: she want add increase amount of the item

2022-12-18 23:36:20 - [MESSAGE][PASSED] - she want add increase amount of the item

2022-12-18 23:36:20 - [TEST_STEP][PASSED] - she should able to Add item to cart: she should able to Add item to cart

2022-12-18 23:36:22 - [MESSAGE][PASSED] - she should able to Add item to cart

2022-12-18 23:36:22 - [MESSAGE][PASSED] - Feature file: 'Include/features/Product.feature' was passed]]></system-out>
         <system-err><![CDATA[]]></system-err>
      </testcase>
      <system-out><![CDATA[2022-12-18 23:35:45 - [TEST_SUITE][PASSED] - android Test suite: Test Cases/Android Test/Test]]></system-out>
      <system-err><![CDATA[]]></system-err>
   </testsuite>
</testsuites>
